#
# There is insufficient memory for the Java Runtime Environment to continue.
# Native memory allocation (mmap) failed to map 67108864 bytes for G1 virtual space
# Possible reasons:
#   The system is out of physical RAM or swap space
#   The process is running with CompressedOops enabled, and the Java Heap may be blocking the growth of the native heap
# Possible solutions:
#   Reduce memory load on the system
#   Increase physical memory or swap space
#   Check if swap backing store is full
#   Decrease Java heap size (-Xmx/-Xms)
#   Decrease number of Java threads
#   Decrease Java thread stack sizes (-Xss)
#   Set larger code cache with -XX:ReservedCodeCacheSize=
#   JVM is running with Unscaled Compressed Oops mode in which the Java heap is
#     placed in the first 4GB address space. The Java Heap base address is the
#     maximum limit for the native heap growth. Please use -XX:HeapBaseMinAddress
#     to set the Java Heap base and to place the Java Heap above 4GB virtual address.
# This output file may be truncated or incomplete.
#
#  Out of Memory Error (os_windows.cpp:3532), pid=26924, tid=25652
#
# JRE version:  (17.0.2+8) (build )
# Java VM: Java HotSpot(TM) 64-Bit Server VM (17.0.2+8-LTS-86, mixed mode, sharing, tiered, compressed oops, compressed class ptrs, g1 gc, windows-amd64)
# No core dump will be written. Minidumps are not enabled by default on client versions of Windows
#

---------------  S U M M A R Y ------------

Command Line: -ea -Dfile.encoding=UTF-8 -Dstdout.encoding=UTF-8 -Dstderr.encoding=UTF-8 -XX:+ShowCodeDetailsInExceptionMessages org.testng.remote.RemoteTestNG -serport 63668 -protocol json -d C:\24-03-2025\inetBankingV1\test-output C:\24-03-2025\inetBankingV1\Testng.xml

Host: Intel(R) Core(TM) i5-4200U CPU @ 1.60GHz, 4 cores, 3G,  Windows 10 , 64 bit Build 19041 (10.0.19041.5915)
Time: Mon Nov 10 13:39:26 2025 India Standard Time elapsed time: 0.529797 seconds (0d 0h 0m 0s)

---------------  T H R E A D  ---------------

Current thread (0x000001a83ba000d0):  JavaThread "Unknown thread" [_thread_in_vm, id=25652, stack(0x00000063ee200000,0x00000063ee300000)]

Stack: [0x00000063ee200000,0x00000063ee300000]
Native frames: (J=compiled Java code, j=interpreted, Vv=VM code, C=native code)
V  [jvm.dll+0x670baa]
V  [jvm.dll+0x7cfcb4]
V  [jvm.dll+0x7d145e]
V  [jvm.dll+0x7d1ac3]
V  [jvm.dll+0x242bc5]
V  [jvm.dll+0x66dac9]
V  [jvm.dll+0x662412]
V  [jvm.dll+0x300c0b]
V  [jvm.dll+0x3081a6]
V  [jvm.dll+0x357d0e]
V  [jvm.dll+0x357f3f]
V  [jvm.dll+0x2d7ec8]
V  [jvm.dll+0x2d8e34]
V  [jvm.dll+0x7a18c1]
V  [jvm.dll+0x365a91]
V  [jvm.dll+0x780d2c]
V  [jvm.dll+0x3e845f]
V  [jvm.dll+0x3e9f01]
C  [jli.dll+0x527b]
C  [ucrtbase.dll+0x21bb2]
C  [KERNEL32.DLL+0x17374]
C  [ntdll.dll+0x4cc91]


---------------  P R O C E S S  ---------------

Threads class SMR info:
_java_thread_list=0x00007ffda8da9858, length=0, elements={
}

Java Threads: ( => current thread )

Other Threads:
  0x000001a83ba2de20 GCTaskThread "GC Thread#0" [stack: 0x00000063ee300000,0x00000063ee400000] [id=11600]
  0x000001a83ba380e0 ConcurrentGCThread "G1 Main Marker" [stack: 0x00000063ee400000,0x00000063ee500000] [id=8036]
  0x000001a83ba38a00 ConcurrentGCThread "G1 Conc#0" [stack: 0x00000063ee500000,0x00000063ee600000] [id=28180]

[error occurred during error reporting (printing all threads), id 0xc0000005, EXCEPTION_ACCESS_VIOLATION (0xc0000005) at pc=0x00007ffda85f88a7]

VM state: not at safepoint (not fully initialized)

VM Mutex/Monitor currently owned by a thread:  ([mutex/lock_event])
[0x000001a83b9fbae0] Heap_lock - owner thread: 0x000001a83ba000d0

Heap address: 0x00000000c1a00000, size: 998 MB, Compressed Oops mode: 32-bit

CDS archive(s) mapped at: [0x0000000000000000-0x0000000000000000-0x0000000000000000), size 0, SharedBaseAddress: 0x0000000800000000, ArchiveRelocationMode: 0.
Narrow klass base: 0x0000000000000000, Narrow klass shift: 0, Narrow klass range: 0x0

GC Precious Log:
<Empty>

Heap:
 garbage-first heap   total 0K, used 0K [0x00000000c1a00000, 0x0000000100000000)
  region size 1024K, 0 young (0K), 0 survivors (0K)

[error occurred during error reporting (printing heap information), id 0xc0000005, EXCEPTION_ACCESS_VIOLATION (0xc0000005) at pc=0x00007ffda89d9f19]

GC Heap History (0 events):
No events

Deoptimization events (0 events):
No events

Classes unloaded (0 events):
No events

Classes redefined (0 events):
No events

Internal exceptions (0 events):
No events

VM Operations (0 events):
No events

Events (1 events):
Event: 0.441 Loaded shared library D:\java\jdk-17.0.2_windows-x64_bin\jdk-17.0.2\bin\java.dll


Dynamic libraries:
0x00007ff7ba110000 - 0x00007ff7ba120000 	D:\java\jdk-17.0.2_windows-x64_bin\jdk-17.0.2\bin\javaw.exe
0x00007ffdf2d90000 - 0x00007ffdf2f88000 	C:\Windows\SYSTEM32\ntdll.dll
0x00007ffdf1700000 - 0x00007ffdf17c2000 	C:\Windows\System32\KERNEL32.DLL
0x00007ffdf0830000 - 0x00007ffdf0b26000 	C:\Windows\System32\KERNELBASE.dll
0x00007ffdf0680000 - 0x00007ffdf0780000 	C:\Windows\System32\ucrtbase.dll
0x00007ffde00e0000 - 0x00007ffde00fa000 	D:\java\jdk-17.0.2_windows-x64_bin\jdk-17.0.2\bin\VCRUNTIME140.dll
0x00007ffde0100000 - 0x00007ffde0118000 	D:\java\jdk-17.0.2_windows-x64_bin\jdk-17.0.2\bin\jli.dll
0x00007ffdf2830000 - 0x00007ffdf28e1000 	C:\Windows\System32\ADVAPI32.dll
0x00007ffdf2520000 - 0x00007ffdf25be000 	C:\Windows\System32\msvcrt.dll
0x00007ffdf28f0000 - 0x00007ffdf298f000 	C:\Windows\System32\sechost.dll
0x00007ffdf18d0000 - 0x00007ffdf19f0000 	C:\Windows\System32\RPCRT4.dll
0x00007ffdf0420000 - 0x00007ffdf0447000 	C:\Windows\System32\bcrypt.dll
0x00007ffdf0f60000 - 0x00007ffdf1101000 	C:\Windows\System32\USER32.dll
0x00007ffdf0c90000 - 0x00007ffdf0cb2000 	C:\Windows\System32\win32u.dll
0x00007ffdf2460000 - 0x00007ffdf248b000 	C:\Windows\System32\GDI32.dll
0x00007ffdf0450000 - 0x00007ffdf0569000 	C:\Windows\System32\gdi32full.dll
0x00007ffdf0cc0000 - 0x00007ffdf0d5d000 	C:\Windows\System32\msvcp_win.dll
0x00007ffde4070000 - 0x00007ffde407a000 	C:\Windows\SYSTEM32\VERSION.dll
0x00007ffde5000000 - 0x00007ffde529b000 	C:\Windows\WinSxS\amd64_microsoft.windows.common-controls_6595b64144ccf1df_6.0.19041.6456_none_60b8a6cb71f64256\COMCTL32.dll
0x00007ffdf2490000 - 0x00007ffdf24bf000 	C:\Windows\System32\IMM32.DLL
0x00007ffdeb220000 - 0x00007ffdeb22c000 	D:\java\jdk-17.0.2_windows-x64_bin\jdk-17.0.2\bin\vcruntime140_1.dll
0x00007ffdd29d0000 - 0x00007ffdd2a5d000 	D:\java\jdk-17.0.2_windows-x64_bin\jdk-17.0.2\bin\msvcp140.dll
0x00007ffda8310000 - 0x00007ffda8ed1000 	D:\java\jdk-17.0.2_windows-x64_bin\jdk-17.0.2\bin\server\jvm.dll
0x00007ffdf1b20000 - 0x00007ffdf1b28000 	C:\Windows\System32\PSAPI.DLL
0x00007ffde9ef0000 - 0x00007ffde9ef9000 	C:\Windows\SYSTEM32\WSOCK32.dll
0x00007ffdf1b30000 - 0x00007ffdf1b9b000 	C:\Windows\System32\WS2_32.dll
0x00007ffde5bb0000 - 0x00007ffde5bd7000 	C:\Windows\SYSTEM32\WINMM.dll
0x00007ffdee250000 - 0x00007ffdee262000 	C:\Windows\SYSTEM32\kernel.appcore.dll
0x00007ffde7220000 - 0x00007ffde722a000 	D:\java\jdk-17.0.2_windows-x64_bin\jdk-17.0.2\bin\jimage.dll
0x00007ffde82c0000 - 0x00007ffde84c1000 	C:\Windows\SYSTEM32\DBGHELP.DLL
0x00007ffde8280000 - 0x00007ffde82b4000 	C:\Windows\SYSTEM32\dbgcore.DLL
0x00007ffdf05f0000 - 0x00007ffdf0672000 	C:\Windows\System32\bcryptPrimitives.dll
0x00007ffdd6f10000 - 0x00007ffdd6f35000 	D:\java\jdk-17.0.2_windows-x64_bin\jdk-17.0.2\bin\java.dll

dbghelp: loaded successfully - version: 4.0.5 - missing functions: none
symbol engine: initialized successfully - sym options: 0x614 - pdb path: .;D:\java\jdk-17.0.2_windows-x64_bin\jdk-17.0.2\bin;C:\Windows\SYSTEM32;C:\Windows\WinSxS\amd64_microsoft.windows.common-controls_6595b64144ccf1df_6.0.19041.6456_none_60b8a6cb71f64256;D:\java\jdk-17.0.2_windows-x64_bin\jdk-17.0.2\bin\server

VM Arguments:
jvm_args: -ea -Dfile.encoding=UTF-8 -Dstdout.encoding=UTF-8 -Dstderr.encoding=UTF-8 -XX:+ShowCodeDetailsInExceptionMessages 
java_command: org.testng.remote.RemoteTestNG -serport 63668 -protocol json -d C:\24-03-2025\inetBankingV1\test-output C:\24-03-2025\inetBankingV1\Testng.xml
java_class_path (initial): C:\Users\BABA\eclipse\java-2025-032\eclipse\configuration\org.eclipse.osgi\525\0\.cp\lib\testng-remote.jar;C:\24-03-2025\inetBankingV1\target\test-classes;C:\24-03-2025\inetBankingV1\target\classes;C:\Users\BABA\.m2\repository\junit\junit\4.13.2\junit-4.13.2.jar;C:\Users\BABA\.m2\repository\org\hamcrest\hamcrest-core\1.3\hamcrest-core-1.3.jar;C:\Users\BABA\.m2\repository\log4j\log4j\1.2.17\log4j-1.2.17.jar;C:\Users\BABA\.m2\repository\org\seleniumhq\selenium\selenium-java\4.34.0\selenium-java-4.34.0.jar;C:\Users\BABA\.m2\repository\org\seleniumhq\selenium\selenium-api\4.34.0\selenium-api-4.34.0.jar;C:\Users\BABA\.m2\repository\org\jspecify\jspecify\1.0.0\jspecify-1.0.0.jar;C:\Users\BABA\.m2\repository\org\seleniumhq\selenium\selenium-chrome-driver\4.34.0\selenium-chrome-driver-4.34.0.jar;C:\Users\BABA\.m2\repository\com\google\auto\service\auto-service-annotations\1.1.1\auto-service-annotations-1.1.1.jar;C:\Users\BABA\.m2\repository\org\seleniumhq\selenium\selenium-chromium-driver\4.34.0\selenium-chromium-driver-4.34.0.jar;C:\Users\BABA\.m2\repository\org\seleniumhq\selenium\selenium-json\4.34.0\selenium-json-4.34.0.jar;C:\Users\BABA\.m2\repository\org\seleniumhq\selenium\selenium-manager\4.34.0\selenium-manager-4.34.0.jar;C:\Users\BABA\.m2\repository\org\seleniumhq\selenium\selenium-devtools-v136\4.34.0\selenium-devtools-v136-4.34.0.jar;C:\Users\BABA\.m2\repository\org\seleniumhq\selenium\selenium-devtools-v137\4.34.0\selenium-devtools-v137-4.34.0.jar;C:\Users\BABA\.m2\repository\org\seleniumhq\selenium\selenium-devtools-v138\4.34.0\selenium-devtools-v138-4.34.0.jar;C:\Users\BABA\.m2\repository\org\seleniumhq\selenium\selenium-edge-driver\4.34.0\selenium-edge-driver-4.34.0.jar;C:\Users\BABA\.m2\repository\org\seleniumhq\selenium\selenium-firefox-driver\4.34.0\selenium-firefox-driver-4.34.0.jar;C:\Users\BABA\.m2\repository\org\seleniumhq\selenium\selenium-http\4.34.0\selenium-http-4.34.0.jar;C:\Users\BABA\.m2\repository\org\seleniumhq\se
Launcher Type: SUN_STANDARD

[Global flags]
     intx CICompilerCount                          = 3                                         {product} {ergonomic}
     uint ConcGCThreads                            = 1                                         {product} {ergonomic}
     uint G1ConcRefinementThreads                  = 4                                         {product} {ergonomic}
   size_t G1HeapRegionSize                         = 1048576                                   {product} {ergonomic}
    uintx GCDrainStackTargetSize                   = 64                                        {product} {ergonomic}
   size_t InitialHeapSize                          = 67108864                                  {product} {ergonomic}
   size_t MarkStackSize                            = 4194304                                   {product} {ergonomic}
   size_t MaxHeapSize                              = 1046478848                                {product} {ergonomic}
   size_t MinHeapDeltaBytes                        = 1048576                                   {product} {ergonomic}
   size_t MinHeapSize                              = 8388608                                   {product} {ergonomic}
    uintx NonNMethodCodeHeapSize                   = 5832780                                {pd product} {ergonomic}
    uintx NonProfiledCodeHeapSize                  = 122912730                              {pd product} {ergonomic}
    uintx ProfiledCodeHeapSize                     = 122912730                              {pd product} {ergonomic}
    uintx ReservedCodeCacheSize                    = 251658240                              {pd product} {ergonomic}
     bool SegmentedCodeCache                       = true                                      {product} {ergonomic}
     bool ShowCodeDetailsInExceptionMessages       = true                                   {manageable} {command line}
   size_t SoftMaxHeapSize                          = 1046478848                             {manageable} {ergonomic}
     bool UseCompressedClassPointers               = true                           {product lp64_product} {ergonomic}
     bool UseCompressedOops                        = true                           {product lp64_product} {ergonomic}
     bool UseG1GC                                  = true                                      {product} {ergonomic}
     bool UseLargePagesIndividualAllocation        = false                                  {pd product} {ergonomic}

Logging:
Log output configuration:
 #0: stdout all=warning uptime,level,tags
 #1: stderr all=off uptime,level,tags

Environment Variables:
JAVA_HOME=D:\java\jdk-17.0.2_windows-x64_bin\jdk-17.0.2
PATH=C:/Users/BABA/.p2/pool/plugins/org.eclipse.justj.openjdk.hotspot.jre.full.win32.x86_64_21.0.6.v20250130-0529/jre/bin/server;C:/Users/BABA/.p2/pool/plugins/org.eclipse.justj.openjdk.hotspot.jre.full.win32.x86_64_21.0.6.v20250130-0529/jre/bin;D:\java\jdk-17.0.2_windows-x64_bin\jdk-17.0.2\bin;C:\Program Files\MySQL\MySQL Shell 8.0\bin\;C:\Users\BABA\AppData\Local\Microsoft\WindowsApps;C:\Users\BABA\AppData\Roaming\npm;D:\mysql-connector-j-9.3.0.zip\mysql-connector-j-9.3.0;C:\Program Files\apache-maven-3.9.9\bin;;C:\Windows\system32;
USERNAME=BABA
OS=Windows_NT
PROCESSOR_IDENTIFIER=Intel64 Family 6 Model 69 Stepping 1, GenuineIntel



---------------  S Y S T E M  ---------------

OS:
 Windows 10 , 64 bit Build 19041 (10.0.19041.5915)
OS uptime: 19 days 19:17 hours
Hyper-V role detected

CPU: total 4 (initial active 4) (2 cores per cpu, 2 threads per core) family 6 model 69 stepping 1 microcode 0x25, cx8, cmov, fxsr, ht, mmx, sse, sse2, sse3, ssse3, sse4.1, sse4.2, popcnt, lzcnt, tsc, tscinvbit, avx, avx2, aes, erms, clmul, bmi1, bmi2, fma, vzeroupper, clflush, hv

Memory: 4k page, system-wide physical 3984M (129M free)
TotalPageFile size 16272M (AvailPageFile size 29M)
current process WorkingSet (physical memory assigned to process): 9M, peak: 9M
current process commit charge ("private bytes"): 51M, peak: 115M

vm_info: Java HotSpot(TM) 64-Bit Server VM (17.0.2+8-LTS-86) for windows-amd64 JRE (17.0.2+8-LTS-86), built on Dec  7 2021 21:51:03 by "mach5one" with MS VC++ 16.8 / 16.9 (VS2019)

END.
